#
# There is insufficient memory for the Java Runtime Environment to continue.
# Native memory allocation (mmap) failed to map 130023424 bytes for G1 virtual space
# Possible reasons:
#   The system is out of physical RAM or swap space
#   The process is running with CompressedOops enabled, and the Java Heap may be blocking the growth of the native heap
# Possible solutions:
#   Reduce memory load on the system
#   Increase physical memory or swap space
#   Check if swap backing store is full
#   Decrease Java heap size (-Xmx/-Xms)
#   Decrease number of Java threads
#   Decrease Java thread stack sizes (-Xss)
#   Set larger code cache with -XX:ReservedCodeCacheSize=
#   JVM is running with Unscaled Compressed Oops mode in which the Java heap is
#     placed in the first 4GB address space. The Java Heap base address is the
#     maximum limit for the native heap growth. Please use -XX:HeapBaseMinAddress
#     to set the Java Heap base and to place the Java Heap above 4GB virtual address.
# This output file may be truncated or incomplete.
#
#  Out of Memory Error (os_windows.cpp:3528), pid=19280, tid=9424
#
# JRE version:  (20.0+36) (build )
# Java VM: Java HotSpot(TM) 64-Bit Server VM (20+36-2344, mixed mode, sharing, tiered, compressed oops, compressed class ptrs, g1 gc, windows-amd64)
# No core dump will be written. Minidumps are not enabled by default on client versions of Windows
#

---------------  S U M M A R Y ------------

Command Line: -Dfile.encoding=UTF-8 --module-path=C:\Users\user\Documents\NetBeansProjects\Hotel Management System\build\classes hotel.management.system.HomePage

Host: 12th Gen Intel(R) Core(TM) i5-12450H, 12 cores, 7G,  Windows 11 , 64 bit Build 22621 (10.0.22621.1344)
Time: Sat Apr  1 20:53:02 2023 Nepal Standard Time elapsed time: 0.009978 seconds (0d 0h 0m 0s)

---------------  T H R E A D  ---------------

Current thread (0x000001d502156480):  JavaThread "Unknown thread" [_thread_in_vm, id=9424, stack(0x000000c71c200000,0x000000c71c300000)]

Stack: [0x000000c71c200000,0x000000c71c300000]
Native frames: (J=compiled Java code, j=interpreted, Vv=VM code, C=native code)
V  [jvm.dll+0x6bb95a]
V  [jvm.dll+0x8483aa]
V  [jvm.dll+0x849fa5]
V  [jvm.dll+0x84a6a3]
V  [jvm.dll+0x280b0f]
V  [jvm.dll+0x6b86e9]
V  [jvm.dll+0x6ad2da]
V  [jvm.dll+0x35adf5]
V  [jvm.dll+0x363016]
V  [jvm.dll+0x3b3b3e]
V  [jvm.dll+0x3b3dc5]
V  [jvm.dll+0x32b50a]
V  [jvm.dll+0x32c32b]
V  [jvm.dll+0x81106f]
V  [jvm.dll+0x3c0d91]
V  [jvm.dll+0x7fcd93]
V  [jvm.dll+0x44c76f]
V  [jvm.dll+0x44e0e1]
C  [jli.dll+0x5287]
C  [ucrtbase.dll+0x29363]
C  [KERNEL32.DLL+0x126bd]
C  [ntdll.dll+0x5a9f8]


---------------  P R O C E S S  ---------------

Threads class SMR info:
_java_thread_list=0x00007ff9b7cca098, length=0, elements={
}

Java Threads: ( => current thread )

Other Threads:
  0x000001d5021b7ca0 WorkerThread "GC Thread#0" [stack: 0x000000c71c300000,0x000000c71c400000] [id=23864]
  0x000001d5021ca080 ConcurrentGCThread "G1 Main Marker" [stack: 0x000000c71c400000,0x000000c71c500000] [id=7504]
  0x000001d5021ca9b0 WorkerThread "G1 Conc#0" [stack: 0x000000c71c500000,0x000000c71c600000] [id=22916]

[error occurred during error reporting (printing all threads), id 0xc0000005, EXCEPTION_ACCESS_VIOLATION (0xc0000005) at pc=0x00007ff9b74aeb47]
VM state: not at safepoint (not fully initialized)

VM Mutex/Monitor currently owned by a thread:  ([mutex/lock_event])
[0x000001d5021523c0] Heap_lock - owner thread: 0x000001d502156480

Heap address: 0x0000000085200000, size: 1966 MB, Compressed Oops mode: 32-bit

CDS archive(s) mapped at: [0x0000000000000000-0x0000000000000000-0x0000000000000000), size 0, SharedBaseAddress: 0x0000000800000000, ArchiveRelocationMode: 0.
Narrow klass base: 0x0000000000000000, Narrow klass shift: 0, Narrow klass range: 0x0

GC Precious Log:
 CardTable entry size: 512
 Card Set container configuration: InlinePtr #cards 5 size 8 Array Of Cards #cards 12 size 40 Howl #buckets 4 coarsen threshold 1843 Howl Bitmap #cards 512 size 80 coarsen threshold 460 Card regions per heap region 1 cards per card region 2048

Heap:
 garbage-first heap   total 0K, used 0K [0x0000000085200000, 0x0000000100000000)
  region size 1024K, 0 young (0K), 0 survivors (0K)

[error occurred during error reporting (printing heap information), id 0xc0000005, EXCEPTION_ACCESS_VIOLATION (0xc0000005) at pc=0x00007ff9b7883c59]
GC Heap History (0 events):
No events

Dll operation events (1 events):
Event: 0.005 Loaded shared library C:\Program Files\Java\jdk-20\bin\java.dll

Deoptimization events (0 events):
No events

Classes loaded (0 events):
No events

Classes unloaded (0 events):
No events

Classes redefined (0 events):
No events

Internal exceptions (0 events):
No events

VM Operations (0 events):
No events

Events (0 events):
No events


Dynamic libraries:
0x00007ff783730000 - 0x00007ff783740000 	C:\Program Files\Java\jdk-20\bin\java.exe
0x00007ffa38510000 - 0x00007ffa38724000 	C:\WINDOWS\SYSTEM32\ntdll.dll
0x00007ffa37170000 - 0x00007ffa37233000 	C:\WINDOWS\System32\KERNEL32.DLL
0x00007ffa35b30000 - 0x00007ffa35ecc000 	C:\WINDOWS\System32\KERNELBASE.dll
0x00007ffa35f70000 - 0x00007ffa36081000 	C:\WINDOWS\System32\ucrtbase.dll
0x00007ffa20c70000 - 0x00007ffa20c8b000 	C:\Program Files\Java\jdk-20\bin\VCRUNTIME140.dll
0x00007ffa32270000 - 0x00007ffa32289000 	C:\Program Files\Java\jdk-20\bin\jli.dll
0x00007ffa370c0000 - 0x00007ffa3716e000 	C:\WINDOWS\System32\ADVAPI32.dll
0x00007ffa37fb0000 - 0x00007ffa38057000 	C:\WINDOWS\System32\msvcrt.dll
0x00007ffa38420000 - 0x00007ffa384c4000 	C:\WINDOWS\System32\sechost.dll
0x00007ffa38230000 - 0x00007ffa38345000 	C:\WINDOWS\System32\RPCRT4.dll
0x00007ffa366e0000 - 0x00007ffa3688d000 	C:\WINDOWS\System32\USER32.dll
0x00007ffa36090000 - 0x00007ffa360b6000 	C:\WINDOWS\System32\win32u.dll
0x00007ffa168a0000 - 0x00007ffa16b2e000 	C:\WINDOWS\WinSxS\amd64_microsoft.windows.common-controls_6595b64144ccf1df_6.0.22621.608_none_a9444ca7c10bb01d\COMCTL32.dll
0x00007ffa377d0000 - 0x00007ffa377f9000 	C:\WINDOWS\System32\GDI32.dll
0x00007ffa35950000 - 0x00007ffa35a63000 	C:\WINDOWS\System32\gdi32full.dll
0x00007ffa35ed0000 - 0x00007ffa35f6a000 	C:\WINDOWS\System32\msvcp_win.dll
0x00007ffa2ab30000 - 0x00007ffa2ab3a000 	C:\WINDOWS\SYSTEM32\VERSION.dll
0x00007ffa36890000 - 0x00007ffa368c1000 	C:\WINDOWS\System32\IMM32.DLL
0x00007ffa17e30000 - 0x00007ffa17e3c000 	C:\Program Files\Java\jdk-20\bin\vcruntime140_1.dll
0x00007ff9f5d90000 - 0x00007ff9f5e1e000 	C:\Program Files\Java\jdk-20\bin\msvcp140.dll
0x00007ff9b7170000 - 0x00007ff9b7e07000 	C:\Program Files\Java\jdk-20\bin\server\jvm.dll
0x00007ffa222c0000 - 0x00007ffa222c9000 	C:\WINDOWS\SYSTEM32\WSOCK32.dll
0x00007ffa37cc0000 - 0x00007ffa37d31000 	C:\WINDOWS\System32\WS2_32.dll
0x00007ffa2bf10000 - 0x00007ffa2bf44000 	C:\WINDOWS\SYSTEM32\WINMM.dll
0x00007ffa34a90000 - 0x00007ffa34aa8000 	C:\WINDOWS\SYSTEM32\kernel.appcore.dll
0x00007ffa17e20000 - 0x00007ffa17e2a000 	C:\Program Files\Java\jdk-20\bin\jimage.dll
0x00007ffa332c0000 - 0x00007ffa334ee000 	C:\WINDOWS\SYSTEM32\DBGHELP.DLL
0x00007ffa37800000 - 0x00007ffa37b89000 	C:\WINDOWS\System32\combase.dll
0x00007ffa37bb0000 - 0x00007ffa37c87000 	C:\WINDOWS\System32\OLEAUT32.dll
0x00007ffa234b0000 - 0x00007ffa234e2000 	C:\WINDOWS\SYSTEM32\dbgcore.DLL
0x00007ffa360c0000 - 0x00007ffa3613b000 	C:\WINDOWS\System32\bcryptPrimitives.dll
0x00007ffa0f6d0000 - 0x00007ffa0f6f6000 	C:\Program Files\Java\jdk-20\bin\java.dll

dbghelp: loaded successfully - version: 4.0.5 - missing functions: none
symbol engine: initialized successfully - sym options: 0x614 - pdb path: .;C:\Program Files\Java\jdk-20\bin;C:\WINDOWS\SYSTEM32;C:\WINDOWS\WinSxS\amd64_microsoft.windows.common-controls_6595b64144ccf1df_6.0.22621.608_none_a9444ca7c10bb01d;C:\Program Files\Java\jdk-20\bin\server

VM Arguments:
jvm_args: -Dfile.encoding=UTF-8 --module-path=C:\Users\user\Documents\NetBeansProjects\Hotel Management System\build\classes 
java_command: hotel.management.system.HomePage
java_class_path (initial): C:\Users\user\Documents\NetBeansProjects\Hotel Management System\build\classes
Launcher Type: SUN_STANDARD

[Global flags]
     intx CICompilerCount                          = 4                                         {product} {ergonomic}
     uint ConcGCThreads                            = 3                                         {product} {ergonomic}
     uint G1ConcRefinementThreads                  = 10                                        {product} {ergonomic}
   size_t G1HeapRegionSize                         = 1048576                                   {product} {ergonomic}
    uintx GCDrainStackTargetSize                   = 64                                        {product} {ergonomic}
   size_t InitialHeapSize                          = 130023424                                 {product} {ergonomic}
   size_t MarkStackSize                            = 4194304                                   {product} {ergonomic}
   size_t MaxHeapSize                              = 2061500416                                {product} {ergonomic}
   size_t MinHeapDeltaBytes                        = 1048576                                   {product} {ergonomic}
   size_t MinHeapSize                              = 8388608                                   {product} {ergonomic}
    uintx NonNMethodCodeHeapSize                   = 5839372                                {pd product} {ergonomic}
    uintx NonProfiledCodeHeapSize                  = 122909434                              {pd product} {ergonomic}
    uintx ProfiledCodeHeapSize                     = 122909434                              {pd product} {ergonomic}
    uintx ReservedCodeCacheSize                    = 251658240                              {pd product} {ergonomic}
     bool SegmentedCodeCache                       = true                                      {product} {ergonomic}
   size_t SoftMaxHeapSize                          = 2061500416                             {manageable} {ergonomic}
     bool UseCompressedClassPointers               = true                           {product lp64_product} {ergonomic}
     bool UseCompressedOops                        = true                           {product lp64_product} {ergonomic}
     bool UseG1GC                                  = true                                      {product} {ergonomic}
     bool UseLargePagesIndividualAllocation        = false                                  {pd product} {ergonomic}

Logging:
Log output configuration:
 #0: stdout all=warning uptime,level,tags foldmultilines=false
 #1: stderr all=off uptime,level,tags foldmultilines=false

Environment Variables:
PATH=C:\Program Files\Common Files\Oracle\Java\javapath;C:\windows\system32;C:\windows;C:\windows\System32\Wbem;C:\windows\System32\WindowsPowerShell\v1.0\;C:\windows\System32\OpenSSH\;C:\Program Files (x86)\NVIDIA Corporation\PhysX\Common;C:\Program Files\NVIDIA Corporation\NVIDIA NvDLISR;C:\WINDOWS\system32;C:\WINDOWS;C:\WINDOWS\System32\Wbem;C:\WINDOWS\System32\WindowsPowerShell\v1.0\;C:\WINDOWS\System32\OpenSSH\;C:\Program Files\Java\jdk-19\bin;C:\Program Files\Git\cmd;C:\Program Files\Java\jdk-20\bin;C:\Users\user\AppData\Local\Microsoft\WindowsApps;C:\Users\user\AppData\Local\Programs\Microsoft VS Code\bin;C:\Program Files\JetBrains\IntelliJ IDEA Community Edition 2022.3.1\bin;;C:\Users\user\AppData\Local\GitHubDesktop\bin
USERNAME=user
OS=Windows_NT
PROCESSOR_IDENTIFIER=Intel64 Family 6 Model 154 Stepping 3, GenuineIntel
TMP=C:\Users\user\AppData\Local\Temp
TEMP=C:\Users\user\AppData\Local\Temp




---------------  S Y S T E M  ---------------

OS:
 Windows 11 , 64 bit Build 22621 (10.0.22621.1344)
OS uptime: 5 days 3:09 hours

CPU: total 12 (initial active 12) (6 cores per cpu, 2 threads per core) family 6 model 154 stepping 3 microcode 0x423, cx8, cmov, fxsr, ht, mmx, 3dnowpref, sse, sse2, sse3, ssse3, sse4.1, sse4.2, popcnt, lzcnt, tsc, tscinvbit, avx, avx2, aes, erms, clmul, bmi1, bmi2, adx, sha, fma, vzeroupper, clflush, clflushopt, clwb, serialize, rdtscp, rdpid, fsrm, f16c, pku, cet_ibt, cet_ss

Memory: 4k page, system-wide physical 7860M (296M free)
TotalPageFile size 32436M (AvailPageFile size 88M)
current process WorkingSet (physical memory assigned to process): 11M, peak: 11M
current process commit charge ("private bytes"): 64M, peak: 188M

vm_info: Java HotSpot(TM) 64-Bit Server VM (20+36-2344) for windows-amd64 JRE (20+36-2344), built on 2023-02-10T19:30:15Z by "mach5one" with MS VC++ 17.1 (VS2022)

END.
